[debug] [2024-08-09T21:58:50.314Z] ----------------------------------------------------------------------
[debug] [2024-08-09T21:58:50.318Z] Command:       C:\Program Files\nodejs\node.exe C:\Users\DELL\AppData\Roaming\npm\node_modules\firebase-tools\lib\bin\firebase.js init
[debug] [2024-08-09T21:58:50.318Z] CLI Version:   13.15.1
[debug] [2024-08-09T21:58:50.318Z] Platform:      win32
[debug] [2024-08-09T21:58:50.319Z] Node Version:  v20.13.1
[debug] [2024-08-09T21:58:50.319Z] Time:          Sat Aug 10 2024 03:28:50 GMT+0530 (India Standard Time)
[debug] [2024-08-09T21:58:50.319Z] ----------------------------------------------------------------------
[debug] 
[debug] [2024-08-09T21:58:50.327Z] > command requires scopes: ["email","openid","https://www.googleapis.com/auth/cloudplatformprojects.readonly","https://www.googleapis.com/auth/firebase","https://www.googleapis.com/auth/cloud-platform"]
[debug] [2024-08-09T21:58:50.327Z] > authorizing via signed-in user (ayushfigser@gmail.com)
[info] 
     ######## #### ########  ######## ########     ###     ######  ########
     ##        ##  ##     ## ##       ##     ##  ##   ##  ##       ##
     ######    ##  ########  ######   ########  #########  ######  ######
     ##        ##  ##    ##  ##       ##     ## ##     ##       ## ##
     ##       #### ##     ## ######## ########  ##     ##  ######  ########

You're about to initialize a Firebase project in this directory:

  C:\Users\DELL\OneDrive\Desktop\terabyte\tense-ai-frontend

[debug] [2024-08-10T04:57:09.269Z] ----------------------------------------------------------------------
[debug] [2024-08-10T04:57:09.273Z] Command:       C:\Program Files\nodejs\node.exe C:\Users\DELL\AppData\Roaming\npm\node_modules\firebase-tools\lib\bin\firebase.js init
[debug] [2024-08-10T04:57:09.273Z] CLI Version:   13.15.1
[debug] [2024-08-10T04:57:09.274Z] Platform:      win32
[debug] [2024-08-10T04:57:09.274Z] Node Version:  v20.13.1
[debug] [2024-08-10T04:57:09.274Z] Time:          Sat Aug 10 2024 10:27:09 GMT+0530 (India Standard Time)
[debug] [2024-08-10T04:57:09.274Z] ----------------------------------------------------------------------
[debug] 
[debug] [2024-08-10T04:57:09.283Z] > command requires scopes: ["email","openid","https://www.googleapis.com/auth/cloudplatformprojects.readonly","https://www.googleapis.com/auth/firebase","https://www.googleapis.com/auth/cloud-platform"]
[debug] [2024-08-10T04:57:09.283Z] > authorizing via signed-in user (ayushfigser@gmail.com)
[info] 
     ######## #### ########  ######## ########     ###     ######  ########
     ##        ##  ##     ## ##       ##     ##  ##   ##  ##       ##
     ######    ##  ########  ######   ########  #########  ######  ######
     ##        ##  ##    ##  ##       ##     ## ##     ##       ## ##
     ##       #### ##     ## ######## ########  ##     ##  ######  ########

You're about to initialize a Firebase project in this directory:

  C:\Users\DELL\OneDrive\Desktop\terabyte\tense-ai-frontend

[info] 
=== Project Setup
[info] 
[info] First, let's associate this project directory with a Firebase project.
[info] You can create multiple project aliases by running firebase use --add, 
[info] but for now we'll just set up a default project.
[info] 
[debug] [2024-08-10T05:07:26.639Z] > refreshing access token with scopes: []
[debug] [2024-08-10T05:07:26.644Z] >>> [apiv2][query] POST https://www.googleapis.com/oauth2/v3/token [none]
[debug] [2024-08-10T05:07:26.644Z] >>> [apiv2][body] POST https://www.googleapis.com/oauth2/v3/token [omitted]
[debug] [2024-08-10T05:07:27.296Z] <<< [apiv2][status] POST https://www.googleapis.com/oauth2/v3/token 200
[debug] [2024-08-10T05:07:27.297Z] <<< [apiv2][body] POST https://www.googleapis.com/oauth2/v3/token [omitted]
[debug] [2024-08-10T05:07:27.315Z] >>> [apiv2][query] GET https://firebase.googleapis.com/v1beta1/availableProjects pageSize=100
[debug] [2024-08-10T05:07:28.360Z] <<< [apiv2][status] GET https://firebase.googleapis.com/v1beta1/availableProjects 200
[debug] [2024-08-10T05:07:28.361Z] <<< [apiv2][body] GET https://firebase.googleapis.com/v1beta1/availableProjects [omitted]
[debug] [2024-08-10T05:08:41.923Z] >>> [apiv2][query] POST https://firebase.googleapis.com/v1beta1/projects/tense-ai-live:addFirebase [none]
[debug] [2024-08-10T05:08:43.215Z] <<< [apiv2][status] POST https://firebase.googleapis.com/v1beta1/projects/tense-ai-live:addFirebase 403
[debug] [2024-08-10T05:08:43.215Z] <<< [apiv2][body] POST https://firebase.googleapis.com/v1beta1/projects/tense-ai-live:addFirebase {"error":{"code":403,"message":"The caller does not have permission","status":"PERMISSION_DENIED"}}
[debug] [2024-08-10T05:08:43.216Z] HTTP Error: 403, The caller does not have permission
[debug] [2024-08-10T05:08:43.707Z] FirebaseError: HTTP Error: 403, The caller does not have permission
    at responseToError (C:\Users\DELL\AppData\Roaming\npm\node_modules\firebase-tools\lib\responseToError.js:49:12)
    at RetryOperation._fn (C:\Users\DELL\AppData\Roaming\npm\node_modules\firebase-tools\lib\apiv2.js:305:77)
    at process.processTicksAndRejections (node:internal/process/task_queues:95:5)
[error] 
[error] Error: Failed to add Firebase to Google Cloud Platform project. See firebase-debug.log for more info.
